[2023-05-29 19:50:02] - Creating new transaction with name [com.korinek.MeteorologicalDataApp.service.CityService.getAllCities]: PROPAGATION_REQUIRED,ISOLATION_DEFAULT,readOnly
[2023-05-29 19:50:02] - Opened new EntityManager [SessionImpl(1851175022<open>)] for JPA transaction
[2023-05-29 19:50:02] - Setting JDBC Connection [HikariProxyConnection@1071916059 wrapping org.postgresql.jdbc.PgConnection@5534e6f1] read-only
[2023-05-29 19:50:02] - On TransactionImpl creation, JpaCompliance#isJpaTransactionComplianceEnabled == false
[2023-05-29 19:50:02] - begin
[2023-05-29 19:50:02] - Exposing JPA transaction as JDBC [org.springframework.orm.jpa.vendor.HibernateJpaDialect$HibernateConnectionHandle@728c0058]
[2023-05-29 19:50:02] - Found thread-bound EntityManager [SessionImpl(1851175022<open>)] for JPA transaction
[2023-05-29 19:50:02] - Participating in existing transaction
[2023-05-29 19:50:02] - Created new SQL alias : c1_0
[2023-05-29 19:50:02] - Registration of TableGroup [StandardTableGroup(com.korinek.MeteorologicalDataApp.model.City(148849827894900))] with identifierForTableGroup [com.korinek.MeteorologicalDataApp.model.City] for NavigablePath [com.korinek.MeteorologicalDataApp.model.City] 
[2023-05-29 19:50:02] - DomainResult Graph:
 \-EntityResultImpl [com.korinek.MeteorologicalDataApp.model.City(148849827894900)]
 |  +-BasicFetch [com.korinek.MeteorologicalDataApp.model.City(148849827894900).name]
 |  \-CircularFetchImpl [com.korinek.MeteorologicalDataApp.model.City(148849827894900).state]

[2023-05-29 19:50:02] - SQL AST Tree:
    SelectStatement {
      FromClause {
        StandardTableGroup (c1 : com.korinek.MeteorologicalDataApp.model.City(148849827894900)) {
          primaryTableReference : city as c1_0
        }
      }
    }

[2023-05-29 19:50:02] - Skipping reading Query result cache data: cache-enabled = false, cache-mode = NORMAL
[2023-05-29 19:50:02] - Initializer list
[2023-05-29 19:50:02] -     com.korinek.MeteorologicalDataApp.model.City(148849827894900).state -> EntitySelectFetchInitializer(com.korinek.MeteorologicalDataApp.model.City(148849827894900).state)@1358537808 (ToOneAttributeMapping(NavigableRole[com.korinek.MeteorologicalDataApp.model.City.state])@531301268)
[2023-05-29 19:50:02] -     com.korinek.MeteorologicalDataApp.model.City(148849827894900) -> EntityResultInitializer(com.korinek.MeteorologicalDataApp.model.City(148849827894900))@1425565802 (SingleTableEntityPersister(com.korinek.MeteorologicalDataApp.model.City))
[2023-05-29 19:50:02] - 
    select
        c1_0.id_city,
        c1_0.name,
        c1_0.id_state 
    from
        city c1_0
[2023-05-29 19:50:02] - Extracted JDBC value [0] - [1]
[2023-05-29 19:50:02] - (EntityResultInitializer) Hydrated EntityKey (com.korinek.MeteorologicalDataApp.model.City(148849827894900)): 1
[2023-05-29 19:50:02] - (EntityResultInitializer) Created new entity instance [com.korinek.MeteorologicalDataApp.model.City(148849827894900)#1] : com.korinek.MeteorologicalDataApp.model.City@39cbcc98
[2023-05-29 19:50:02] - Extracted JDBC value [2] - [1]
[2023-05-29 19:50:02] - (EntitySelectFetchInitializer) Invoking session#internalLoad for entity (com.korinek.MeteorologicalDataApp.model.City(148849827894900).state#1) : 1
[2023-05-29 19:50:02] - Skipping reading Query result cache data: cache-enabled = false, cache-mode = IGNORE
[2023-05-29 19:50:02] - Initializer list
[2023-05-29 19:50:02] -     com.korinek.MeteorologicalDataApp.model.State.cities -> DelayedCollectionInitializer(com.korinek.MeteorologicalDataApp.model.State.cities)@786913523 (PluralAttribute(com.korinek.MeteorologicalDataApp.model.State.cities))
[2023-05-29 19:50:02] -     com.korinek.MeteorologicalDataApp.model.State -> EntityResultInitializer(com.korinek.MeteorologicalDataApp.model.State)@2004893601 (SingleTableEntityPersister(com.korinek.MeteorologicalDataApp.model.State))
[2023-05-29 19:50:02] - 
    select
        s1_0.id_state,
        s1_0.name 
    from
        state s1_0 
    where
        s1_0.id_state=?
[2023-05-29 19:50:02] - (EntityResultInitializer) Hydrated EntityKey (com.korinek.MeteorologicalDataApp.model.State): 1
[2023-05-29 19:50:02] - Extracted JDBC value [0] - [1]
[2023-05-29 19:50:02] - (DelayedCollectionInitializer) Current row collection key : com.korinek.MeteorologicalDataApp.model.State.cities#1
[2023-05-29 19:50:02] - (EntityResultInitializer) Created new entity instance [com.korinek.MeteorologicalDataApp.model.State#1] : com.korinek.MeteorologicalDataApp.model.State@3f0c548b
[2023-05-29 19:50:02] - Extracted JDBC value [1] - [USA]
[2023-05-29 19:50:02] - (EntityResultInitializer) Done materializing entityInstance : com.korinek.MeteorologicalDataApp.model.State#1
[2023-05-29 19:50:02] - Calling top-level assembler (0 / 1) : org.hibernate.sql.results.graph.entity.internal.EntityAssembler@5f54bbc9
[2023-05-29 19:50:02] - (EntitySelectFetchInitializer) Entity [com.korinek.MeteorologicalDataApp.model.City(148849827894900).state#1] : 1 has being loaded by session.internalLoad.
[2023-05-29 19:50:02] - Extracted JDBC value [1] - [Chicago]
[2023-05-29 19:50:02] - (EntityResultInitializer) Done materializing entityInstance : com.korinek.MeteorologicalDataApp.model.City(148849827894900)#1
[2023-05-29 19:50:02] - Calling top-level assembler (0 / 1) : org.hibernate.sql.results.graph.entity.internal.EntityAssembler@1d40da37
[2023-05-29 19:50:02] - Extracted JDBC value [0] - [2]
[2023-05-29 19:50:02] - (EntityResultInitializer) Hydrated EntityKey (com.korinek.MeteorologicalDataApp.model.City(148849827894900)): 2
[2023-05-29 19:50:02] - (EntityResultInitializer) Created new entity instance [com.korinek.MeteorologicalDataApp.model.City(148849827894900)#2] : com.korinek.MeteorologicalDataApp.model.City@6c8f885d
[2023-05-29 19:50:02] - Extracted JDBC value [2] - [3]
[2023-05-29 19:50:02] - (EntitySelectFetchInitializer) Invoking session#internalLoad for entity (com.korinek.MeteorologicalDataApp.model.City(148849827894900).state#3) : 3
[2023-05-29 19:50:02] - Skipping reading Query result cache data: cache-enabled = false, cache-mode = IGNORE
[2023-05-29 19:50:02] - Initializer list
[2023-05-29 19:50:02] -     com.korinek.MeteorologicalDataApp.model.State.cities -> DelayedCollectionInitializer(com.korinek.MeteorologicalDataApp.model.State.cities)@830091595 (PluralAttribute(com.korinek.MeteorologicalDataApp.model.State.cities))
[2023-05-29 19:50:02] -     com.korinek.MeteorologicalDataApp.model.State -> EntityResultInitializer(com.korinek.MeteorologicalDataApp.model.State)@1258970718 (SingleTableEntityPersister(com.korinek.MeteorologicalDataApp.model.State))
[2023-05-29 19:50:02] - 
    select
        s1_0.id_state,
        s1_0.name 
    from
        state s1_0 
    where
        s1_0.id_state=?
[2023-05-29 19:50:02] - (EntityResultInitializer) Hydrated EntityKey (com.korinek.MeteorologicalDataApp.model.State): 3
[2023-05-29 19:50:02] - Extracted JDBC value [0] - [3]
[2023-05-29 19:50:02] - (DelayedCollectionInitializer) Current row collection key : com.korinek.MeteorologicalDataApp.model.State.cities#3
[2023-05-29 19:50:02] - (EntityResultInitializer) Created new entity instance [com.korinek.MeteorologicalDataApp.model.State#3] : com.korinek.MeteorologicalDataApp.model.State@392cd097
[2023-05-29 19:50:02] - Extracted JDBC value [1] - [Czech Republic]
[2023-05-29 19:50:02] - (EntityResultInitializer) Done materializing entityInstance : com.korinek.MeteorologicalDataApp.model.State#3
[2023-05-29 19:50:02] - Calling top-level assembler (0 / 1) : org.hibernate.sql.results.graph.entity.internal.EntityAssembler@6cda002c
[2023-05-29 19:50:02] - (EntitySelectFetchInitializer) Entity [com.korinek.MeteorologicalDataApp.model.City(148849827894900).state#3] : 3 has being loaded by session.internalLoad.
[2023-05-29 19:50:02] - Extracted JDBC value [1] - [Prague]
[2023-05-29 19:50:02] - (EntityResultInitializer) Done materializing entityInstance : com.korinek.MeteorologicalDataApp.model.City(148849827894900)#2
[2023-05-29 19:50:02] - Calling top-level assembler (0 / 1) : org.hibernate.sql.results.graph.entity.internal.EntityAssembler@1d40da37
[2023-05-29 19:50:02] - Extracted JDBC value [0] - [3]
[2023-05-29 19:50:02] - (EntityResultInitializer) Hydrated EntityKey (com.korinek.MeteorologicalDataApp.model.City(148849827894900)): 3
[2023-05-29 19:50:02] - (EntityResultInitializer) Created new entity instance [com.korinek.MeteorologicalDataApp.model.City(148849827894900)#3] : com.korinek.MeteorologicalDataApp.model.City@44b5714b
[2023-05-29 19:50:02] - Extracted JDBC value [2] - [1]
[2023-05-29 19:50:02] - Extracted JDBC value [1] - [New York]
[2023-05-29 19:50:02] - (EntityResultInitializer) Done materializing entityInstance : com.korinek.MeteorologicalDataApp.model.City(148849827894900)#3
[2023-05-29 19:50:02] - Calling top-level assembler (0 / 1) : org.hibernate.sql.results.graph.entity.internal.EntityAssembler@1d40da37
[2023-05-29 19:50:02] - Extracted JDBC value [0] - [4]
[2023-05-29 19:50:02] - (EntityResultInitializer) Hydrated EntityKey (com.korinek.MeteorologicalDataApp.model.City(148849827894900)): 4
[2023-05-29 19:50:02] - (EntityResultInitializer) Created new entity instance [com.korinek.MeteorologicalDataApp.model.City(148849827894900)#4] : com.korinek.MeteorologicalDataApp.model.City@827d5d1
[2023-05-29 19:50:02] - Extracted JDBC value [2] - [6]
[2023-05-29 19:50:02] - (EntitySelectFetchInitializer) Invoking session#internalLoad for entity (com.korinek.MeteorologicalDataApp.model.City(148849827894900).state#6) : 6
[2023-05-29 19:50:02] - Skipping reading Query result cache data: cache-enabled = false, cache-mode = IGNORE
[2023-05-29 19:50:02] - Initializer list
[2023-05-29 19:50:02] -     com.korinek.MeteorologicalDataApp.model.State.cities -> DelayedCollectionInitializer(com.korinek.MeteorologicalDataApp.model.State.cities)@1473254442 (PluralAttribute(com.korinek.MeteorologicalDataApp.model.State.cities))
[2023-05-29 19:50:02] -     com.korinek.MeteorologicalDataApp.model.State -> EntityResultInitializer(com.korinek.MeteorologicalDataApp.model.State)@1798808988 (SingleTableEntityPersister(com.korinek.MeteorologicalDataApp.model.State))
[2023-05-29 19:50:02] - 
    select
        s1_0.id_state,
        s1_0.name 
    from
        state s1_0 
    where
        s1_0.id_state=?
[2023-05-29 19:50:02] - (EntityResultInitializer) Hydrated EntityKey (com.korinek.MeteorologicalDataApp.model.State): 6
[2023-05-29 19:50:02] - Extracted JDBC value [0] - [6]
[2023-05-29 19:50:02] - (DelayedCollectionInitializer) Current row collection key : com.korinek.MeteorologicalDataApp.model.State.cities#6
[2023-05-29 19:50:02] - (EntityResultInitializer) Created new entity instance [com.korinek.MeteorologicalDataApp.model.State#6] : com.korinek.MeteorologicalDataApp.model.State@33330bcb
[2023-05-29 19:50:02] - Extracted JDBC value [1] - [Australia]
[2023-05-29 19:50:02] - (EntityResultInitializer) Done materializing entityInstance : com.korinek.MeteorologicalDataApp.model.State#6
[2023-05-29 19:50:02] - Calling top-level assembler (0 / 1) : org.hibernate.sql.results.graph.entity.internal.EntityAssembler@a99704b
[2023-05-29 19:50:02] - (EntitySelectFetchInitializer) Entity [com.korinek.MeteorologicalDataApp.model.City(148849827894900).state#6] : 6 has being loaded by session.internalLoad.
[2023-05-29 19:50:02] - Extracted JDBC value [1] - [Sydney]
[2023-05-29 19:50:02] - (EntityResultInitializer) Done materializing entityInstance : com.korinek.MeteorologicalDataApp.model.City(148849827894900)#4
[2023-05-29 19:50:02] - Calling top-level assembler (0 / 1) : org.hibernate.sql.results.graph.entity.internal.EntityAssembler@1d40da37
[2023-05-29 19:50:02] - Extracted JDBC value [0] - [5]
[2023-05-29 19:50:02] - (EntityResultInitializer) Hydrated EntityKey (com.korinek.MeteorologicalDataApp.model.City(148849827894900)): 5
[2023-05-29 19:50:02] - (EntityResultInitializer) Created new entity instance [com.korinek.MeteorologicalDataApp.model.City(148849827894900)#5] : com.korinek.MeteorologicalDataApp.model.City@7b64c7aa
[2023-05-29 19:50:02] - Extracted JDBC value [2] - [2]
[2023-05-29 19:50:02] - (EntitySelectFetchInitializer) Invoking session#internalLoad for entity (com.korinek.MeteorologicalDataApp.model.City(148849827894900).state#2) : 2
[2023-05-29 19:50:02] - Skipping reading Query result cache data: cache-enabled = false, cache-mode = IGNORE
[2023-05-29 19:50:02] - Initializer list
[2023-05-29 19:50:02] -     com.korinek.MeteorologicalDataApp.model.State.cities -> DelayedCollectionInitializer(com.korinek.MeteorologicalDataApp.model.State.cities)@1824574042 (PluralAttribute(com.korinek.MeteorologicalDataApp.model.State.cities))
[2023-05-29 19:50:02] -     com.korinek.MeteorologicalDataApp.model.State -> EntityResultInitializer(com.korinek.MeteorologicalDataApp.model.State)@1200023898 (SingleTableEntityPersister(com.korinek.MeteorologicalDataApp.model.State))
[2023-05-29 19:50:02] - 
    select
        s1_0.id_state,
        s1_0.name 
    from
        state s1_0 
    where
        s1_0.id_state=?
[2023-05-29 19:50:02] - (EntityResultInitializer) Hydrated EntityKey (com.korinek.MeteorologicalDataApp.model.State): 2
[2023-05-29 19:50:02] - Extracted JDBC value [0] - [2]
[2023-05-29 19:50:02] - (DelayedCollectionInitializer) Current row collection key : com.korinek.MeteorologicalDataApp.model.State.cities#2
[2023-05-29 19:50:02] - (EntityResultInitializer) Created new entity instance [com.korinek.MeteorologicalDataApp.model.State#2] : com.korinek.MeteorologicalDataApp.model.State@411c6c53
[2023-05-29 19:50:02] - Extracted JDBC value [1] - [Canada]
[2023-05-29 19:50:02] - (EntityResultInitializer) Done materializing entityInstance : com.korinek.MeteorologicalDataApp.model.State#2
[2023-05-29 19:50:02] - Calling top-level assembler (0 / 1) : org.hibernate.sql.results.graph.entity.internal.EntityAssembler@21b6a433
[2023-05-29 19:50:02] - (EntitySelectFetchInitializer) Entity [com.korinek.MeteorologicalDataApp.model.City(148849827894900).state#2] : 2 has being loaded by session.internalLoad.
[2023-05-29 19:50:02] - Extracted JDBC value [1] - [Toronto]
[2023-05-29 19:50:02] - (EntityResultInitializer) Done materializing entityInstance : com.korinek.MeteorologicalDataApp.model.City(148849827894900)#5
[2023-05-29 19:50:02] - Calling top-level assembler (0 / 1) : org.hibernate.sql.results.graph.entity.internal.EntityAssembler@1d40da37
[2023-05-29 19:50:02] - Extracted JDBC value [0] - [6]
[2023-05-29 19:50:02] - (EntityResultInitializer) Hydrated EntityKey (com.korinek.MeteorologicalDataApp.model.City(148849827894900)): 6
[2023-05-29 19:50:02] - (EntityResultInitializer) Created new entity instance [com.korinek.MeteorologicalDataApp.model.City(148849827894900)#6] : com.korinek.MeteorologicalDataApp.model.City@3a147dce
[2023-05-29 19:50:02] - Extracted JDBC value [2] - [1]
[2023-05-29 19:50:02] - Extracted JDBC value [1] - [Los Angeles]
[2023-05-29 19:50:02] - (EntityResultInitializer) Done materializing entityInstance : com.korinek.MeteorologicalDataApp.model.City(148849827894900)#6
[2023-05-29 19:50:02] - Calling top-level assembler (0 / 1) : org.hibernate.sql.results.graph.entity.internal.EntityAssembler@1d40da37
[2023-05-29 19:50:02] - Initiating transaction commit
[2023-05-29 19:50:02] - Committing JPA transaction on EntityManager [SessionImpl(1851175022<open>)]
[2023-05-29 19:50:02] - committing
[2023-05-29 19:50:02] - Resetting read-only flag of JDBC Connection [HikariProxyConnection@1071916059 wrapping org.postgresql.jdbc.PgConnection@5534e6f1]
[2023-05-29 19:50:02] - Closing JPA EntityManager [SessionImpl(1851175022<open>)] after transaction
[2023-05-29 19:50:09] - Connection was inactive for 30 seconds, sending heartbeat
[2023-05-29 19:50:09] - Connection was inactive for 30 seconds, sending heartbeat
[2023-05-29 19:50:09] - [s0|id: 0x99dc1d00, L:/192.168.0.102:59516 - R:4c641c32-bb99-42b1-ab88-83de6181d0fa-europe-west1.db.astra.datastax.com/34.79.132.94:29042] Got last response on in-flight stream id 0, completing and releasing
[2023-05-29 19:50:09] - [id: 0x99dc1d00, L:/192.168.0.102:59516 - R:4c641c32-bb99-42b1-ab88-83de6181d0fa-europe-west1.db.astra.datastax.com/34.79.132.94:29042] Heartbeat query succeeded
[2023-05-29 19:50:09] - [s0|id: 0xbb346a6a, L:/192.168.0.102:59517 - R:4c641c32-bb99-42b1-ab88-83de6181d0fa-europe-west1.db.astra.datastax.com/34.79.236.16:29042] Got last response on in-flight stream id 0, completing and releasing
[2023-05-29 19:50:09] - [id: 0xbb346a6a, L:/192.168.0.102:59517 - R:4c641c32-bb99-42b1-ab88-83de6181d0fa-europe-west1.db.astra.datastax.com/34.79.236.16:29042] Heartbeat query succeeded
[2023-05-29 19:50:11] - Connection was inactive for 30 seconds, sending heartbeat
[2023-05-29 19:50:11] - [s0|id: 0x2c2d4f2d, L:/192.168.0.102:59515 - R:4c641c32-bb99-42b1-ab88-83de6181d0fa-europe-west1.db.astra.datastax.com/34.79.236.16:29042] Got last response on in-flight stream id 0, completing and releasing
[2023-05-29 19:50:11] - [id: 0x2c2d4f2d, L:/192.168.0.102:59515 - R:4c641c32-bb99-42b1-ab88-83de6181d0fa-europe-west1.db.astra.datastax.com/34.79.236.16:29042] Heartbeat query succeeded
[2023-05-29 19:50:11] - Connection was inactive for 30 seconds, sending heartbeat
[2023-05-29 19:50:11] - [s0|control|id: 0x4a5e2f59, L:/192.168.0.102:59512 - R:4c641c32-bb99-42b1-ab88-83de6181d0fa-europe-west1.db.astra.datastax.com/34.76.6.140:29042] Got last response on in-flight stream id 0, completing and releasing
[2023-05-29 19:50:11] - [id: 0x4a5e2f59, L:/192.168.0.102:59512 - R:4c641c32-bb99-42b1-ab88-83de6181d0fa-europe-west1.db.astra.datastax.com/34.76.6.140:29042] Heartbeat query succeeded
[2023-05-29 19:50:12] - Creating new transaction with name [com.korinek.MeteorologicalDataApp.service.CityService.getAllCities]: PROPAGATION_REQUIRED,ISOLATION_DEFAULT,readOnly
[2023-05-29 19:50:12] - Opened new EntityManager [SessionImpl(757438191<open>)] for JPA transaction
[2023-05-29 19:50:12] - Setting JDBC Connection [HikariProxyConnection@967194692 wrapping org.postgresql.jdbc.PgConnection@5534e6f1] read-only
[2023-05-29 19:50:12] - On TransactionImpl creation, JpaCompliance#isJpaTransactionComplianceEnabled == false
[2023-05-29 19:50:12] - begin
[2023-05-29 19:50:12] - Exposing JPA transaction as JDBC [org.springframework.orm.jpa.vendor.HibernateJpaDialect$HibernateConnectionHandle@20c5c8b3]
[2023-05-29 19:50:12] - Found thread-bound EntityManager [SessionImpl(757438191<open>)] for JPA transaction
[2023-05-29 19:50:12] - Participating in existing transaction
[2023-05-29 19:50:12] - Created new SQL alias : c1_0
[2023-05-29 19:50:12] - Registration of TableGroup [StandardTableGroup(com.korinek.MeteorologicalDataApp.model.City(148859830283236))] with identifierForTableGroup [com.korinek.MeteorologicalDataApp.model.City] for NavigablePath [com.korinek.MeteorologicalDataApp.model.City] 
[2023-05-29 19:50:12] - DomainResult Graph:
 \-EntityResultImpl [com.korinek.MeteorologicalDataApp.model.City(148859830283236)]
 |  +-BasicFetch [com.korinek.MeteorologicalDataApp.model.City(148859830283236).name]
 |  \-CircularFetchImpl [com.korinek.MeteorologicalDataApp.model.City(148859830283236).state]

[2023-05-29 19:50:12] - SQL AST Tree:
    SelectStatement {
      FromClause {
        StandardTableGroup (c1 : com.korinek.MeteorologicalDataApp.model.City(148859830283236)) {
          primaryTableReference : city as c1_0
        }
      }
    }

[2023-05-29 19:50:12] - Skipping reading Query result cache data: cache-enabled = false, cache-mode = NORMAL
[2023-05-29 19:50:12] - Initializer list
[2023-05-29 19:50:12] -     com.korinek.MeteorologicalDataApp.model.City(148859830283236).state -> EntitySelectFetchInitializer(com.korinek.MeteorologicalDataApp.model.City(148859830283236).state)@810316536 (ToOneAttributeMapping(NavigableRole[com.korinek.MeteorologicalDataApp.model.City.state])@531301268)
[2023-05-29 19:50:12] -     com.korinek.MeteorologicalDataApp.model.City(148859830283236) -> EntityResultInitializer(com.korinek.MeteorologicalDataApp.model.City(148859830283236))@2062145142 (SingleTableEntityPersister(com.korinek.MeteorologicalDataApp.model.City))
[2023-05-29 19:50:12] - 
    select
        c1_0.id_city,
        c1_0.name,
        c1_0.id_state 
    from
        city c1_0
[2023-05-29 19:50:12] - Extracted JDBC value [0] - [1]
[2023-05-29 19:50:12] - (EntityResultInitializer) Hydrated EntityKey (com.korinek.MeteorologicalDataApp.model.City(148859830283236)): 1
[2023-05-29 19:50:12] - (EntityResultInitializer) Created new entity instance [com.korinek.MeteorologicalDataApp.model.City(148859830283236)#1] : com.korinek.MeteorologicalDataApp.model.City@51fef145
[2023-05-29 19:50:12] - Extracted JDBC value [2] - [1]
[2023-05-29 19:50:12] - (EntitySelectFetchInitializer) Invoking session#internalLoad for entity (com.korinek.MeteorologicalDataApp.model.City(148859830283236).state#1) : 1
[2023-05-29 19:50:12] - Skipping reading Query result cache data: cache-enabled = false, cache-mode = IGNORE
[2023-05-29 19:50:12] - Initializer list
[2023-05-29 19:50:12] -     com.korinek.MeteorologicalDataApp.model.State.cities -> DelayedCollectionInitializer(com.korinek.MeteorologicalDataApp.model.State.cities)@1695598442 (PluralAttribute(com.korinek.MeteorologicalDataApp.model.State.cities))
[2023-05-29 19:50:12] -     com.korinek.MeteorologicalDataApp.model.State -> EntityResultInitializer(com.korinek.MeteorologicalDataApp.model.State)@1181060843 (SingleTableEntityPersister(com.korinek.MeteorologicalDataApp.model.State))
[2023-05-29 19:50:12] - 
    select
        s1_0.id_state,
        s1_0.name 
    from
        state s1_0 
    where
        s1_0.id_state=?
[2023-05-29 19:50:12] - (EntityResultInitializer) Hydrated EntityKey (com.korinek.MeteorologicalDataApp.model.State): 1
[2023-05-29 19:50:12] - Extracted JDBC value [0] - [1]
[2023-05-29 19:50:12] - (DelayedCollectionInitializer) Current row collection key : com.korinek.MeteorologicalDataApp.model.State.cities#1
[2023-05-29 19:50:12] - (EntityResultInitializer) Created new entity instance [com.korinek.MeteorologicalDataApp.model.State#1] : com.korinek.MeteorologicalDataApp.model.State@5f0565cf
[2023-05-29 19:50:12] - Extracted JDBC value [1] - [USA]
[2023-05-29 19:50:12] - (EntityResultInitializer) Done materializing entityInstance : com.korinek.MeteorologicalDataApp.model.State#1
[2023-05-29 19:50:12] - Calling top-level assembler (0 / 1) : org.hibernate.sql.results.graph.entity.internal.EntityAssembler@12b89cdb
[2023-05-29 19:50:12] - (EntitySelectFetchInitializer) Entity [com.korinek.MeteorologicalDataApp.model.City(148859830283236).state#1] : 1 has being loaded by session.internalLoad.
[2023-05-29 19:50:12] - Extracted JDBC value [1] - [Chicago]
[2023-05-29 19:50:12] - (EntityResultInitializer) Done materializing entityInstance : com.korinek.MeteorologicalDataApp.model.City(148859830283236)#1
[2023-05-29 19:50:12] - Calling top-level assembler (0 / 1) : org.hibernate.sql.results.graph.entity.internal.EntityAssembler@6cf881cb
[2023-05-29 19:50:12] - Extracted JDBC value [0] - [2]
[2023-05-29 19:50:12] - (EntityResultInitializer) Hydrated EntityKey (com.korinek.MeteorologicalDataApp.model.City(148859830283236)): 2
[2023-05-29 19:50:12] - (EntityResultInitializer) Created new entity instance [com.korinek.MeteorologicalDataApp.model.City(148859830283236)#2] : com.korinek.MeteorologicalDataApp.model.City@34e714c6
[2023-05-29 19:50:12] - Extracted JDBC value [2] - [3]
[2023-05-29 19:50:12] - (EntitySelectFetchInitializer) Invoking session#internalLoad for entity (com.korinek.MeteorologicalDataApp.model.City(148859830283236).state#3) : 3
[2023-05-29 19:50:12] - Skipping reading Query result cache data: cache-enabled = false, cache-mode = IGNORE
[2023-05-29 19:50:12] - Initializer list
[2023-05-29 19:50:12] -     com.korinek.MeteorologicalDataApp.model.State.cities -> DelayedCollectionInitializer(com.korinek.MeteorologicalDataApp.model.State.cities)@1085809800 (PluralAttribute(com.korinek.MeteorologicalDataApp.model.State.cities))
[2023-05-29 19:50:12] -     com.korinek.MeteorologicalDataApp.model.State -> EntityResultInitializer(com.korinek.MeteorologicalDataApp.model.State)@372258304 (SingleTableEntityPersister(com.korinek.MeteorologicalDataApp.model.State))
[2023-05-29 19:50:12] - 
    select
        s1_0.id_state,
        s1_0.name 
    from
        state s1_0 
    where
        s1_0.id_state=?
[2023-05-29 19:50:12] - (EntityResultInitializer) Hydrated EntityKey (com.korinek.MeteorologicalDataApp.model.State): 3
[2023-05-29 19:50:12] - Extracted JDBC value [0] - [3]
[2023-05-29 19:50:12] - (DelayedCollectionInitializer) Current row collection key : com.korinek.MeteorologicalDataApp.model.State.cities#3
[2023-05-29 19:50:12] - (EntityResultInitializer) Created new entity instance [com.korinek.MeteorologicalDataApp.model.State#3] : com.korinek.MeteorologicalDataApp.model.State@24a93702
[2023-05-29 19:50:12] - Extracted JDBC value [1] - [Czech Republic]
[2023-05-29 19:50:12] - (EntityResultInitializer) Done materializing entityInstance : com.korinek.MeteorologicalDataApp.model.State#3
[2023-05-29 19:50:12] - Calling top-level assembler (0 / 1) : org.hibernate.sql.results.graph.entity.internal.EntityAssembler@6ad7b8e8
[2023-05-29 19:50:12] - (EntitySelectFetchInitializer) Entity [com.korinek.MeteorologicalDataApp.model.City(148859830283236).state#3] : 3 has being loaded by session.internalLoad.
[2023-05-29 19:50:12] - Extracted JDBC value [1] - [Prague]
[2023-05-29 19:50:12] - (EntityResultInitializer) Done materializing entityInstance : com.korinek.MeteorologicalDataApp.model.City(148859830283236)#2
[2023-05-29 19:50:12] - Calling top-level assembler (0 / 1) : org.hibernate.sql.results.graph.entity.internal.EntityAssembler@6cf881cb
[2023-05-29 19:50:12] - Extracted JDBC value [0] - [3]
[2023-05-29 19:50:12] - (EntityResultInitializer) Hydrated EntityKey (com.korinek.MeteorologicalDataApp.model.City(148859830283236)): 3
[2023-05-29 19:50:12] - (EntityResultInitializer) Created new entity instance [com.korinek.MeteorologicalDataApp.model.City(148859830283236)#3] : com.korinek.MeteorologicalDataApp.model.City@439278f8
[2023-05-29 19:50:12] - Extracted JDBC value [2] - [1]
[2023-05-29 19:50:12] - Extracted JDBC value [1] - [New York]
[2023-05-29 19:50:12] - (EntityResultInitializer) Done materializing entityInstance : com.korinek.MeteorologicalDataApp.model.City(148859830283236)#3
[2023-05-29 19:50:12] - Calling top-level assembler (0 / 1) : org.hibernate.sql.results.graph.entity.internal.EntityAssembler@6cf881cb
[2023-05-29 19:50:12] - Extracted JDBC value [0] - [4]
[2023-05-29 19:50:12] - (EntityResultInitializer) Hydrated EntityKey (com.korinek.MeteorologicalDataApp.model.City(148859830283236)): 4
[2023-05-29 19:50:12] - (EntityResultInitializer) Created new entity instance [com.korinek.MeteorologicalDataApp.model.City(148859830283236)#4] : com.korinek.MeteorologicalDataApp.model.City@451ebd6
[2023-05-29 19:50:12] - Extracted JDBC value [2] - [6]
[2023-05-29 19:50:12] - (EntitySelectFetchInitializer) Invoking session#internalLoad for entity (com.korinek.MeteorologicalDataApp.model.City(148859830283236).state#6) : 6
[2023-05-29 19:50:12] - Skipping reading Query result cache data: cache-enabled = false, cache-mode = IGNORE
[2023-05-29 19:50:12] - Initializer list
[2023-05-29 19:50:12] -     com.korinek.MeteorologicalDataApp.model.State.cities -> DelayedCollectionInitializer(com.korinek.MeteorologicalDataApp.model.State.cities)@1772998009 (PluralAttribute(com.korinek.MeteorologicalDataApp.model.State.cities))
[2023-05-29 19:50:12] -     com.korinek.MeteorologicalDataApp.model.State -> EntityResultInitializer(com.korinek.MeteorologicalDataApp.model.State)@1055533148 (SingleTableEntityPersister(com.korinek.MeteorologicalDataApp.model.State))
[2023-05-29 19:50:12] - 
    select
        s1_0.id_state,
        s1_0.name 
    from
        state s1_0 
    where
        s1_0.id_state=?
[2023-05-29 19:50:12] - (EntityResultInitializer) Hydrated EntityKey (com.korinek.MeteorologicalDataApp.model.State): 6
[2023-05-29 19:50:12] - Extracted JDBC value [0] - [6]
[2023-05-29 19:50:12] - (DelayedCollectionInitializer) Current row collection key : com.korinek.MeteorologicalDataApp.model.State.cities#6
[2023-05-29 19:50:12] - (EntityResultInitializer) Created new entity instance [com.korinek.MeteorologicalDataApp.model.State#6] : com.korinek.MeteorologicalDataApp.model.State@ded3881
[2023-05-29 19:50:12] - Extracted JDBC value [1] - [Australia]
[2023-05-29 19:50:12] - (EntityResultInitializer) Done materializing entityInstance : com.korinek.MeteorologicalDataApp.model.State#6
[2023-05-29 19:50:12] - Calling top-level assembler (0 / 1) : org.hibernate.sql.results.graph.entity.internal.EntityAssembler@1d040a37
[2023-05-29 19:50:12] - (EntitySelectFetchInitializer) Entity [com.korinek.MeteorologicalDataApp.model.City(148859830283236).state#6] : 6 has being loaded by session.internalLoad.
[2023-05-29 19:50:12] - Extracted JDBC value [1] - [Sydney]
[2023-05-29 19:50:12] - (EntityResultInitializer) Done materializing entityInstance : com.korinek.MeteorologicalDataApp.model.City(148859830283236)#4
[2023-05-29 19:50:12] - Calling top-level assembler (0 / 1) : org.hibernate.sql.results.graph.entity.internal.EntityAssembler@6cf881cb
[2023-05-29 19:50:12] - Extracted JDBC value [0] - [5]
[2023-05-29 19:50:12] - (EntityResultInitializer) Hydrated EntityKey (com.korinek.MeteorologicalDataApp.model.City(148859830283236)): 5
[2023-05-29 19:50:12] - (EntityResultInitializer) Created new entity instance [com.korinek.MeteorologicalDataApp.model.City(148859830283236)#5] : com.korinek.MeteorologicalDataApp.model.City@240a2d15
[2023-05-29 19:50:12] - Extracted JDBC value [2] - [2]
[2023-05-29 19:50:12] - (EntitySelectFetchInitializer) Invoking session#internalLoad for entity (com.korinek.MeteorologicalDataApp.model.City(148859830283236).state#2) : 2
[2023-05-29 19:50:12] - Skipping reading Query result cache data: cache-enabled = false, cache-mode = IGNORE
[2023-05-29 19:50:12] - Initializer list
[2023-05-29 19:50:12] -     com.korinek.MeteorologicalDataApp.model.State.cities -> DelayedCollectionInitializer(com.korinek.MeteorologicalDataApp.model.State.cities)@347239696 (PluralAttribute(com.korinek.MeteorologicalDataApp.model.State.cities))
[2023-05-29 19:50:12] -     com.korinek.MeteorologicalDataApp.model.State -> EntityResultInitializer(com.korinek.MeteorologicalDataApp.model.State)@1895788087 (SingleTableEntityPersister(com.korinek.MeteorologicalDataApp.model.State))
[2023-05-29 19:50:12] - 
    select
        s1_0.id_state,
        s1_0.name 
    from
        state s1_0 
    where
        s1_0.id_state=?
[2023-05-29 19:50:12] - (EntityResultInitializer) Hydrated EntityKey (com.korinek.MeteorologicalDataApp.model.State): 2
[2023-05-29 19:50:12] - Extracted JDBC value [0] - [2]
[2023-05-29 19:50:12] - (DelayedCollectionInitializer) Current row collection key : com.korinek.MeteorologicalDataApp.model.State.cities#2
[2023-05-29 19:50:12] - (EntityResultInitializer) Created new entity instance [com.korinek.MeteorologicalDataApp.model.State#2] : com.korinek.MeteorologicalDataApp.model.State@3418ce78
[2023-05-29 19:50:12] - Extracted JDBC value [1] - [Canada]
[2023-05-29 19:50:12] - (EntityResultInitializer) Done materializing entityInstance : com.korinek.MeteorologicalDataApp.model.State#2
[2023-05-29 19:50:12] - Calling top-level assembler (0 / 1) : org.hibernate.sql.results.graph.entity.internal.EntityAssembler@45438db9
[2023-05-29 19:50:12] - (EntitySelectFetchInitializer) Entity [com.korinek.MeteorologicalDataApp.model.City(148859830283236).state#2] : 2 has being loaded by session.internalLoad.
[2023-05-29 19:50:12] - Extracted JDBC value [1] - [Toronto]
[2023-05-29 19:50:12] - (EntityResultInitializer) Done materializing entityInstance : com.korinek.MeteorologicalDataApp.model.City(148859830283236)#5
[2023-05-29 19:50:12] - Calling top-level assembler (0 / 1) : org.hibernate.sql.results.graph.entity.internal.EntityAssembler@6cf881cb
[2023-05-29 19:50:12] - Extracted JDBC value [0] - [6]
[2023-05-29 19:50:12] - (EntityResultInitializer) Hydrated EntityKey (com.korinek.MeteorologicalDataApp.model.City(148859830283236)): 6
[2023-05-29 19:50:12] - (EntityResultInitializer) Created new entity instance [com.korinek.MeteorologicalDataApp.model.City(148859830283236)#6] : com.korinek.MeteorologicalDataApp.model.City@7eb4488f
[2023-05-29 19:50:12] - Extracted JDBC value [2] - [1]
[2023-05-29 19:50:12] - Extracted JDBC value [1] - [Los Angeles]
[2023-05-29 19:50:12] - (EntityResultInitializer) Done materializing entityInstance : com.korinek.MeteorologicalDataApp.model.City(148859830283236)#6
[2023-05-29 19:50:12] - Calling top-level assembler (0 / 1) : org.hibernate.sql.results.graph.entity.internal.EntityAssembler@6cf881cb
[2023-05-29 19:50:12] - Initiating transaction commit
[2023-05-29 19:50:12] - Committing JPA transaction on EntityManager [SessionImpl(757438191<open>)]
[2023-05-29 19:50:12] - committing
[2023-05-29 19:50:12] - Resetting read-only flag of JDBC Connection [HikariProxyConnection@967194692 wrapping org.postgresql.jdbc.PgConnection@5534e6f1]
[2023-05-29 19:50:12] - Closing JPA EntityManager [SessionImpl(757438191<open>)] after transaction
[2023-05-29 19:50:15] - HikariPool-1 - Pool stats (total=10, active=0, idle=10, waiting=0)
[2023-05-29 19:50:15] - HikariPool-1 - Fill pool skipped, pool has sufficient level or currently being filled (queueDepth=0).
[2023-05-29 19:50:22] - Creating new transaction with name [com.korinek.MeteorologicalDataApp.service.CityService.getAllCities]: PROPAGATION_REQUIRED,ISOLATION_DEFAULT,readOnly
[2023-05-29 19:50:22] - Opened new EntityManager [SessionImpl(1600676026<open>)] for JPA transaction
[2023-05-29 19:50:22] - Setting JDBC Connection [HikariProxyConnection@111083691 wrapping org.postgresql.jdbc.PgConnection@5534e6f1] read-only
[2023-05-29 19:50:22] - On TransactionImpl creation, JpaCompliance#isJpaTransactionComplianceEnabled == false
[2023-05-29 19:50:22] - begin
[2023-05-29 19:50:22] - Exposing JPA transaction as JDBC [org.springframework.orm.jpa.vendor.HibernateJpaDialect$HibernateConnectionHandle@5a33d0c7]
[2023-05-29 19:50:22] - Found thread-bound EntityManager [SessionImpl(1600676026<open>)] for JPA transaction
[2023-05-29 19:50:22] - Participating in existing transaction
[2023-05-29 19:50:22] - Created new SQL alias : c1_0
[2023-05-29 19:50:22] - Registration of TableGroup [StandardTableGroup(com.korinek.MeteorologicalDataApp.model.City(148869827091938))] with identifierForTableGroup [com.korinek.MeteorologicalDataApp.model.City] for NavigablePath [com.korinek.MeteorologicalDataApp.model.City] 
[2023-05-29 19:50:22] - DomainResult Graph:
 \-EntityResultImpl [com.korinek.MeteorologicalDataApp.model.City(148869827091938)]
 |  +-BasicFetch [com.korinek.MeteorologicalDataApp.model.City(148869827091938).name]
 |  \-CircularFetchImpl [com.korinek.MeteorologicalDataApp.model.City(148869827091938).state]

[2023-05-29 19:50:22] - SQL AST Tree:
    SelectStatement {
      FromClause {
        StandardTableGroup (c1 : com.korinek.MeteorologicalDataApp.model.City(148869827091938)) {
          primaryTableReference : city as c1_0
        }
      }
    }

[2023-05-29 19:50:22] - Skipping reading Query result cache data: cache-enabled = false, cache-mode = NORMAL
[2023-05-29 19:50:22] - Initializer list
[2023-05-29 19:50:22] -     com.korinek.MeteorologicalDataApp.model.City(148869827091938).state -> EntitySelectFetchInitializer(com.korinek.MeteorologicalDataApp.model.City(148869827091938).state)@124878439 (ToOneAttributeMapping(NavigableRole[com.korinek.MeteorologicalDataApp.model.City.state])@531301268)
[2023-05-29 19:50:22] -     com.korinek.MeteorologicalDataApp.model.City(148869827091938) -> EntityResultInitializer(com.korinek.MeteorologicalDataApp.model.City(148869827091938))@1274340431 (SingleTableEntityPersister(com.korinek.MeteorologicalDataApp.model.City))
[2023-05-29 19:50:22] - 
    select
        c1_0.id_city,
        c1_0.name,
        c1_0.id_state 
    from
        city c1_0
[2023-05-29 19:50:22] - Extracted JDBC value [0] - [1]
[2023-05-29 19:50:22] - (EntityResultInitializer) Hydrated EntityKey (com.korinek.MeteorologicalDataApp.model.City(148869827091938)): 1
[2023-05-29 19:50:22] - (EntityResultInitializer) Created new entity instance [com.korinek.MeteorologicalDataApp.model.City(148869827091938)#1] : com.korinek.MeteorologicalDataApp.model.City@73ad27c2
[2023-05-29 19:50:22] - Extracted JDBC value [2] - [1]
[2023-05-29 19:50:22] - (EntitySelectFetchInitializer) Invoking session#internalLoad for entity (com.korinek.MeteorologicalDataApp.model.City(148869827091938).state#1) : 1
[2023-05-29 19:50:22] - Skipping reading Query result cache data: cache-enabled = false, cache-mode = IGNORE
[2023-05-29 19:50:22] - Initializer list
[2023-05-29 19:50:22] -     com.korinek.MeteorologicalDataApp.model.State.cities -> DelayedCollectionInitializer(com.korinek.MeteorologicalDataApp.model.State.cities)@189142939 (PluralAttribute(com.korinek.MeteorologicalDataApp.model.State.cities))
[2023-05-29 19:50:22] -     com.korinek.MeteorologicalDataApp.model.State -> EntityResultInitializer(com.korinek.MeteorologicalDataApp.model.State)@167634477 (SingleTableEntityPersister(com.korinek.MeteorologicalDataApp.model.State))
[2023-05-29 19:50:22] - 
    select
        s1_0.id_state,
        s1_0.name 
    from
        state s1_0 
    where
        s1_0.id_state=?
[2023-05-29 19:50:22] - (EntityResultInitializer) Hydrated EntityKey (com.korinek.MeteorologicalDataApp.model.State): 1
[2023-05-29 19:50:22] - Extracted JDBC value [0] - [1]
[2023-05-29 19:50:22] - (DelayedCollectionInitializer) Current row collection key : com.korinek.MeteorologicalDataApp.model.State.cities#1
[2023-05-29 19:50:22] - (EntityResultInitializer) Created new entity instance [com.korinek.MeteorologicalDataApp.model.State#1] : com.korinek.MeteorologicalDataApp.model.State@72ffd393
[2023-05-29 19:50:22] - Extracted JDBC value [1] - [USA]
[2023-05-29 19:50:22] - (EntityResultInitializer) Done materializing entityInstance : com.korinek.MeteorologicalDataApp.model.State#1
[2023-05-29 19:50:22] - Calling top-level assembler (0 / 1) : org.hibernate.sql.results.graph.entity.internal.EntityAssembler@2f359bd7
[2023-05-29 19:50:22] - (EntitySelectFetchInitializer) Entity [com.korinek.MeteorologicalDataApp.model.City(148869827091938).state#1] : 1 has being loaded by session.internalLoad.
[2023-05-29 19:50:22] - Extracted JDBC value [1] - [Chicago]
[2023-05-29 19:50:22] - (EntityResultInitializer) Done materializing entityInstance : com.korinek.MeteorologicalDataApp.model.City(148869827091938)#1
[2023-05-29 19:50:22] - Calling top-level assembler (0 / 1) : org.hibernate.sql.results.graph.entity.internal.EntityAssembler@2533416e
[2023-05-29 19:50:22] - Extracted JDBC value [0] - [2]
[2023-05-29 19:50:22] - (EntityResultInitializer) Hydrated EntityKey (com.korinek.MeteorologicalDataApp.model.City(148869827091938)): 2
[2023-05-29 19:50:22] - (EntityResultInitializer) Created new entity instance [com.korinek.MeteorologicalDataApp.model.City(148869827091938)#2] : com.korinek.MeteorologicalDataApp.model.City@1d43ce31
[2023-05-29 19:50:22] - Extracted JDBC value [2] - [3]
[2023-05-29 19:50:22] - (EntitySelectFetchInitializer) Invoking session#internalLoad for entity (com.korinek.MeteorologicalDataApp.model.City(148869827091938).state#3) : 3
[2023-05-29 19:50:22] - Skipping reading Query result cache data: cache-enabled = false, cache-mode = IGNORE
[2023-05-29 19:50:22] - Initializer list
[2023-05-29 19:50:22] -     com.korinek.MeteorologicalDataApp.model.State.cities -> DelayedCollectionInitializer(com.korinek.MeteorologicalDataApp.model.State.cities)@296547649 (PluralAttribute(com.korinek.MeteorologicalDataApp.model.State.cities))
[2023-05-29 19:50:22] -     com.korinek.MeteorologicalDataApp.model.State -> EntityResultInitializer(com.korinek.MeteorologicalDataApp.model.State)@306462592 (SingleTableEntityPersister(com.korinek.MeteorologicalDataApp.model.State))
[2023-05-29 19:50:22] - 
    select
        s1_0.id_state,
        s1_0.name 
    from
        state s1_0 
    where
        s1_0.id_state=?
[2023-05-29 19:50:22] - (EntityResultInitializer) Hydrated EntityKey (com.korinek.MeteorologicalDataApp.model.State): 3
[2023-05-29 19:50:22] - Extracted JDBC value [0] - [3]
[2023-05-29 19:50:22] - (DelayedCollectionInitializer) Current row collection key : com.korinek.MeteorologicalDataApp.model.State.cities#3
[2023-05-29 19:50:22] - (EntityResultInitializer) Created new entity instance [com.korinek.MeteorologicalDataApp.model.State#3] : com.korinek.MeteorologicalDataApp.model.State@6b892795
[2023-05-29 19:50:22] - Extracted JDBC value [1] - [Czech Republic]
[2023-05-29 19:50:22] - (EntityResultInitializer) Done materializing entityInstance : com.korinek.MeteorologicalDataApp.model.State#3
[2023-05-29 19:50:22] - Calling top-level assembler (0 / 1) : org.hibernate.sql.results.graph.entity.internal.EntityAssembler@5f5ac1ff
[2023-05-29 19:50:22] - (EntitySelectFetchInitializer) Entity [com.korinek.MeteorologicalDataApp.model.City(148869827091938).state#3] : 3 has being loaded by session.internalLoad.
[2023-05-29 19:50:22] - Extracted JDBC value [1] - [Prague]
[2023-05-29 19:50:22] - (EntityResultInitializer) Done materializing entityInstance : com.korinek.MeteorologicalDataApp.model.City(148869827091938)#2
[2023-05-29 19:50:22] - Calling top-level assembler (0 / 1) : org.hibernate.sql.results.graph.entity.internal.EntityAssembler@2533416e
[2023-05-29 19:50:22] - Extracted JDBC value [0] - [3]
[2023-05-29 19:50:22] - (EntityResultInitializer) Hydrated EntityKey (com.korinek.MeteorologicalDataApp.model.City(148869827091938)): 3
[2023-05-29 19:50:22] - (EntityResultInitializer) Created new entity instance [com.korinek.MeteorologicalDataApp.model.City(148869827091938)#3] : com.korinek.MeteorologicalDataApp.model.City@633e97d9
[2023-05-29 19:50:22] - Extracted JDBC value [2] - [1]
[2023-05-29 19:50:22] - Extracted JDBC value [1] - [New York]
[2023-05-29 19:50:22] - (EntityResultInitializer) Done materializing entityInstance : com.korinek.MeteorologicalDataApp.model.City(148869827091938)#3
[2023-05-29 19:50:22] - Calling top-level assembler (0 / 1) : org.hibernate.sql.results.graph.entity.internal.EntityAssembler@2533416e
[2023-05-29 19:50:22] - Extracted JDBC value [0] - [4]
[2023-05-29 19:50:22] - (EntityResultInitializer) Hydrated EntityKey (com.korinek.MeteorologicalDataApp.model.City(148869827091938)): 4
[2023-05-29 19:50:22] - (EntityResultInitializer) Created new entity instance [com.korinek.MeteorologicalDataApp.model.City(148869827091938)#4] : com.korinek.MeteorologicalDataApp.model.City@2e283b6f
[2023-05-29 19:50:22] - Extracted JDBC value [2] - [6]
[2023-05-29 19:50:22] - (EntitySelectFetchInitializer) Invoking session#internalLoad for entity (com.korinek.MeteorologicalDataApp.model.City(148869827091938).state#6) : 6
[2023-05-29 19:50:22] - Skipping reading Query result cache data: cache-enabled = false, cache-mode = IGNORE
[2023-05-29 19:50:22] - Initializer list
[2023-05-29 19:50:22] -     com.korinek.MeteorologicalDataApp.model.State.cities -> DelayedCollectionInitializer(com.korinek.MeteorologicalDataApp.model.State.cities)@213845168 (PluralAttribute(com.korinek.MeteorologicalDataApp.model.State.cities))
[2023-05-29 19:50:22] -     com.korinek.MeteorologicalDataApp.model.State -> EntityResultInitializer(com.korinek.MeteorologicalDataApp.model.State)@98789857 (SingleTableEntityPersister(com.korinek.MeteorologicalDataApp.model.State))
[2023-05-29 19:50:22] - 
    select
        s1_0.id_state,
        s1_0.name 
    from
        state s1_0 
    where
        s1_0.id_state=?
[2023-05-29 19:50:22] - (EntityResultInitializer) Hydrated EntityKey (com.korinek.MeteorologicalDataApp.model.State): 6
[2023-05-29 19:50:22] - Extracted JDBC value [0] - [6]
[2023-05-29 19:50:22] - (DelayedCollectionInitializer) Current row collection key : com.korinek.MeteorologicalDataApp.model.State.cities#6
[2023-05-29 19:50:22] - (EntityResultInitializer) Created new entity instance [com.korinek.MeteorologicalDataApp.model.State#6] : com.korinek.MeteorologicalDataApp.model.State@17b4d990
[2023-05-29 19:50:22] - Extracted JDBC value [1] - [Australia]
[2023-05-29 19:50:22] - (EntityResultInitializer) Done materializing entityInstance : com.korinek.MeteorologicalDataApp.model.State#6
[2023-05-29 19:50:22] - Calling top-level assembler (0 / 1) : org.hibernate.sql.results.graph.entity.internal.EntityAssembler@20c1f7d3
[2023-05-29 19:50:22] - (EntitySelectFetchInitializer) Entity [com.korinek.MeteorologicalDataApp.model.City(148869827091938).state#6] : 6 has being loaded by session.internalLoad.
[2023-05-29 19:50:22] - Extracted JDBC value [1] - [Sydney]
[2023-05-29 19:50:22] - (EntityResultInitializer) Done materializing entityInstance : com.korinek.MeteorologicalDataApp.model.City(148869827091938)#4
[2023-05-29 19:50:22] - Calling top-level assembler (0 / 1) : org.hibernate.sql.results.graph.entity.internal.EntityAssembler@2533416e
[2023-05-29 19:50:22] - Extracted JDBC value [0] - [5]
[2023-05-29 19:50:22] - (EntityResultInitializer) Hydrated EntityKey (com.korinek.MeteorologicalDataApp.model.City(148869827091938)): 5
[2023-05-29 19:50:22] - (EntityResultInitializer) Created new entity instance [com.korinek.MeteorologicalDataApp.model.City(148869827091938)#5] : com.korinek.MeteorologicalDataApp.model.City@1db1623e
[2023-05-29 19:50:22] - Extracted JDBC value [2] - [2]
[2023-05-29 19:50:22] - (EntitySelectFetchInitializer) Invoking session#internalLoad for entity (com.korinek.MeteorologicalDataApp.model.City(148869827091938).state#2) : 2
[2023-05-29 19:50:22] - Skipping reading Query result cache data: cache-enabled = false, cache-mode = IGNORE
[2023-05-29 19:50:22] - Initializer list
[2023-05-29 19:50:22] -     com.korinek.MeteorologicalDataApp.model.State.cities -> DelayedCollectionInitializer(com.korinek.MeteorologicalDataApp.model.State.cities)@606554925 (PluralAttribute(com.korinek.MeteorologicalDataApp.model.State.cities))
[2023-05-29 19:50:22] -     com.korinek.MeteorologicalDataApp.model.State -> EntityResultInitializer(com.korinek.MeteorologicalDataApp.model.State)@367951456 (SingleTableEntityPersister(com.korinek.MeteorologicalDataApp.model.State))
[2023-05-29 19:50:22] - 
    select
        s1_0.id_state,
        s1_0.name 
    from
        state s1_0 
    where
        s1_0.id_state=?
[2023-05-29 19:50:22] - (EntityResultInitializer) Hydrated EntityKey (com.korinek.MeteorologicalDataApp.model.State): 2
[2023-05-29 19:50:22] - Extracted JDBC value [0] - [2]
[2023-05-29 19:50:22] - (DelayedCollectionInitializer) Current row collection key : com.korinek.MeteorologicalDataApp.model.State.cities#2
[2023-05-29 19:50:22] - (EntityResultInitializer) Created new entity instance [com.korinek.MeteorologicalDataApp.model.State#2] : com.korinek.MeteorologicalDataApp.model.State@54937456
[2023-05-29 19:50:22] - Extracted JDBC value [1] - [Canada]
[2023-05-29 19:50:22] - (EntityResultInitializer) Done materializing entityInstance : com.korinek.MeteorologicalDataApp.model.State#2
[2023-05-29 19:50:22] - Calling top-level assembler (0 / 1) : org.hibernate.sql.results.graph.entity.internal.EntityAssembler@1d87d7c1
[2023-05-29 19:50:22] - (EntitySelectFetchInitializer) Entity [com.korinek.MeteorologicalDataApp.model.City(148869827091938).state#2] : 2 has being loaded by session.internalLoad.
[2023-05-29 19:50:22] - Extracted JDBC value [1] - [Toronto]
[2023-05-29 19:50:22] - (EntityResultInitializer) Done materializing entityInstance : com.korinek.MeteorologicalDataApp.model.City(148869827091938)#5
[2023-05-29 19:50:22] - Calling top-level assembler (0 / 1) : org.hibernate.sql.results.graph.entity.internal.EntityAssembler@2533416e
[2023-05-29 19:50:22] - Extracted JDBC value [0] - [6]
[2023-05-29 19:50:22] - (EntityResultInitializer) Hydrated EntityKey (com.korinek.MeteorologicalDataApp.model.City(148869827091938)): 6
[2023-05-29 19:50:22] - (EntityResultInitializer) Created new entity instance [com.korinek.MeteorologicalDataApp.model.City(148869827091938)#6] : com.korinek.MeteorologicalDataApp.model.City@732d9962
[2023-05-29 19:50:22] - Extracted JDBC value [2] - [1]
[2023-05-29 19:50:22] - Extracted JDBC value [1] - [Los Angeles]
[2023-05-29 19:50:22] - (EntityResultInitializer) Done materializing entityInstance : com.korinek.MeteorologicalDataApp.model.City(148869827091938)#6
[2023-05-29 19:50:22] - Calling top-level assembler (0 / 1) : org.hibernate.sql.results.graph.entity.internal.EntityAssembler@2533416e
[2023-05-29 19:50:22] - Initiating transaction commit
[2023-05-29 19:50:22] - Committing JPA transaction on EntityManager [SessionImpl(1600676026<open>)]
[2023-05-29 19:50:22] - committing
[2023-05-29 19:50:22] - Resetting read-only flag of JDBC Connection [HikariProxyConnection@111083691 wrapping org.postgresql.jdbc.PgConnection@5534e6f1]
[2023-05-29 19:50:22] - Closing JPA EntityManager [SessionImpl(1600676026<open>)] after transaction
[2023-05-29 19:50:32] - Creating new transaction with name [com.korinek.MeteorologicalDataApp.service.CityService.getAllCities]: PROPAGATION_REQUIRED,ISOLATION_DEFAULT,readOnly
[2023-05-29 19:50:32] - Opened new EntityManager [SessionImpl(1463802947<open>)] for JPA transaction
[2023-05-29 19:50:32] - Setting JDBC Connection [HikariProxyConnection@1280551040 wrapping org.postgresql.jdbc.PgConnection@5534e6f1] read-only
[2023-05-29 19:50:32] - On TransactionImpl creation, JpaCompliance#isJpaTransactionComplianceEnabled == false
[2023-05-29 19:50:32] - begin
[2023-05-29 19:50:32] - Exposing JPA transaction as JDBC [org.springframework.orm.jpa.vendor.HibernateJpaDialect$HibernateConnectionHandle@23384151]
[2023-05-29 19:50:32] - Found thread-bound EntityManager [SessionImpl(1463802947<open>)] for JPA transaction
[2023-05-29 19:50:32] - Participating in existing transaction
[2023-05-29 19:50:32] - Created new SQL alias : c1_0
[2023-05-29 19:50:32] - Registration of TableGroup [StandardTableGroup(com.korinek.MeteorologicalDataApp.model.City(148879829638685))] with identifierForTableGroup [com.korinek.MeteorologicalDataApp.model.City] for NavigablePath [com.korinek.MeteorologicalDataApp.model.City] 
[2023-05-29 19:50:32] - DomainResult Graph:
 \-EntityResultImpl [com.korinek.MeteorologicalDataApp.model.City(148879829638685)]
 |  +-BasicFetch [com.korinek.MeteorologicalDataApp.model.City(148879829638685).name]
 |  \-CircularFetchImpl [com.korinek.MeteorologicalDataApp.model.City(148879829638685).state]

[2023-05-29 19:50:32] - SQL AST Tree:
    SelectStatement {
      FromClause {
        StandardTableGroup (c1 : com.korinek.MeteorologicalDataApp.model.City(148879829638685)) {
          primaryTableReference : city as c1_0
        }
      }
    }

[2023-05-29 19:50:32] - Skipping reading Query result cache data: cache-enabled = false, cache-mode = NORMAL
[2023-05-29 19:50:32] - Initializer list
[2023-05-29 19:50:32] -     com.korinek.MeteorologicalDataApp.model.City(148879829638685).state -> EntitySelectFetchInitializer(com.korinek.MeteorologicalDataApp.model.City(148879829638685).state)@1624495289 (ToOneAttributeMapping(NavigableRole[com.korinek.MeteorologicalDataApp.model.City.state])@531301268)
[2023-05-29 19:50:32] -     com.korinek.MeteorologicalDataApp.model.City(148879829638685) -> EntityResultInitializer(com.korinek.MeteorologicalDataApp.model.City(148879829638685))@1286806620 (SingleTableEntityPersister(com.korinek.MeteorologicalDataApp.model.City))
[2023-05-29 19:50:32] - 
    select
        c1_0.id_city,
        c1_0.name,
        c1_0.id_state 
    from
        city c1_0
[2023-05-29 19:50:32] - Extracted JDBC value [0] - [1]
[2023-05-29 19:50:32] - (EntityResultInitializer) Hydrated EntityKey (com.korinek.MeteorologicalDataApp.model.City(148879829638685)): 1
[2023-05-29 19:50:32] - (EntityResultInitializer) Created new entity instance [com.korinek.MeteorologicalDataApp.model.City(148879829638685)#1] : com.korinek.MeteorologicalDataApp.model.City@4ceef582
[2023-05-29 19:50:32] - Extracted JDBC value [2] - [1]
[2023-05-29 19:50:32] - (EntitySelectFetchInitializer) Invoking session#internalLoad for entity (com.korinek.MeteorologicalDataApp.model.City(148879829638685).state#1) : 1
[2023-05-29 19:50:32] - Skipping reading Query result cache data: cache-enabled = false, cache-mode = IGNORE
[2023-05-29 19:50:32] - Initializer list
[2023-05-29 19:50:32] -     com.korinek.MeteorologicalDataApp.model.State.cities -> DelayedCollectionInitializer(com.korinek.MeteorologicalDataApp.model.State.cities)@409682367 (PluralAttribute(com.korinek.MeteorologicalDataApp.model.State.cities))
[2023-05-29 19:50:32] -     com.korinek.MeteorologicalDataApp.model.State -> EntityResultInitializer(com.korinek.MeteorologicalDataApp.model.State)@1970266485 (SingleTableEntityPersister(com.korinek.MeteorologicalDataApp.model.State))
[2023-05-29 19:50:32] - 
    select
        s1_0.id_state,
        s1_0.name 
    from
        state s1_0 
    where
        s1_0.id_state=?
[2023-05-29 19:50:32] - (EntityResultInitializer) Hydrated EntityKey (com.korinek.MeteorologicalDataApp.model.State): 1
[2023-05-29 19:50:32] - Extracted JDBC value [0] - [1]
[2023-05-29 19:50:32] - (DelayedCollectionInitializer) Current row collection key : com.korinek.MeteorologicalDataApp.model.State.cities#1
[2023-05-29 19:50:32] - (EntityResultInitializer) Created new entity instance [com.korinek.MeteorologicalDataApp.model.State#1] : com.korinek.MeteorologicalDataApp.model.State@775083
[2023-05-29 19:50:32] - Extracted JDBC value [1] - [USA]
[2023-05-29 19:50:32] - (EntityResultInitializer) Done materializing entityInstance : com.korinek.MeteorologicalDataApp.model.State#1
[2023-05-29 19:50:32] - Calling top-level assembler (0 / 1) : org.hibernate.sql.results.graph.entity.internal.EntityAssembler@537f98ec
[2023-05-29 19:50:32] - (EntitySelectFetchInitializer) Entity [com.korinek.MeteorologicalDataApp.model.City(148879829638685).state#1] : 1 has being loaded by session.internalLoad.
[2023-05-29 19:50:32] - Extracted JDBC value [1] - [Chicago]
[2023-05-29 19:50:32] - (EntityResultInitializer) Done materializing entityInstance : com.korinek.MeteorologicalDataApp.model.City(148879829638685)#1
[2023-05-29 19:50:32] - Calling top-level assembler (0 / 1) : org.hibernate.sql.results.graph.entity.internal.EntityAssembler@76b03a3c
[2023-05-29 19:50:32] - Extracted JDBC value [0] - [2]
[2023-05-29 19:50:32] - (EntityResultInitializer) Hydrated EntityKey (com.korinek.MeteorologicalDataApp.model.City(148879829638685)): 2
[2023-05-29 19:50:32] - (EntityResultInitializer) Created new entity instance [com.korinek.MeteorologicalDataApp.model.City(148879829638685)#2] : com.korinek.MeteorologicalDataApp.model.City@370fc60a
[2023-05-29 19:50:32] - Extracted JDBC value [2] - [3]
[2023-05-29 19:50:32] - (EntitySelectFetchInitializer) Invoking session#internalLoad for entity (com.korinek.MeteorologicalDataApp.model.City(148879829638685).state#3) : 3
[2023-05-29 19:50:32] - Skipping reading Query result cache data: cache-enabled = false, cache-mode = IGNORE
[2023-05-29 19:50:32] - Initializer list
[2023-05-29 19:50:32] -     com.korinek.MeteorologicalDataApp.model.State.cities -> DelayedCollectionInitializer(com.korinek.MeteorologicalDataApp.model.State.cities)@222722848 (PluralAttribute(com.korinek.MeteorologicalDataApp.model.State.cities))
[2023-05-29 19:50:32] -     com.korinek.MeteorologicalDataApp.model.State -> EntityResultInitializer(com.korinek.MeteorologicalDataApp.model.State)@575744668 (SingleTableEntityPersister(com.korinek.MeteorologicalDataApp.model.State))
[2023-05-29 19:50:32] - 
    select
        s1_0.id_state,
        s1_0.name 
    from
        state s1_0 
    where
        s1_0.id_state=?
[2023-05-29 19:50:32] - (EntityResultInitializer) Hydrated EntityKey (com.korinek.MeteorologicalDataApp.model.State): 3
[2023-05-29 19:50:32] - Extracted JDBC value [0] - [3]
[2023-05-29 19:50:32] - (DelayedCollectionInitializer) Current row collection key : com.korinek.MeteorologicalDataApp.model.State.cities#3
[2023-05-29 19:50:32] - (EntityResultInitializer) Created new entity instance [com.korinek.MeteorologicalDataApp.model.State#3] : com.korinek.MeteorologicalDataApp.model.State@93e1add
[2023-05-29 19:50:32] - Extracted JDBC value [1] - [Czech Republic]
[2023-05-29 19:50:32] - (EntityResultInitializer) Done materializing entityInstance : com.korinek.MeteorologicalDataApp.model.State#3
[2023-05-29 19:50:32] - Calling top-level assembler (0 / 1) : org.hibernate.sql.results.graph.entity.internal.EntityAssembler@60b970df
[2023-05-29 19:50:32] - (EntitySelectFetchInitializer) Entity [com.korinek.MeteorologicalDataApp.model.City(148879829638685).state#3] : 3 has being loaded by session.internalLoad.
[2023-05-29 19:50:32] - Extracted JDBC value [1] - [Prague]
[2023-05-29 19:50:32] - (EntityResultInitializer) Done materializing entityInstance : com.korinek.MeteorologicalDataApp.model.City(148879829638685)#2
[2023-05-29 19:50:32] - Calling top-level assembler (0 / 1) : org.hibernate.sql.results.graph.entity.internal.EntityAssembler@76b03a3c
[2023-05-29 19:50:32] - Extracted JDBC value [0] - [3]
[2023-05-29 19:50:32] - (EntityResultInitializer) Hydrated EntityKey (com.korinek.MeteorologicalDataApp.model.City(148879829638685)): 3
[2023-05-29 19:50:32] - (EntityResultInitializer) Created new entity instance [com.korinek.MeteorologicalDataApp.model.City(148879829638685)#3] : com.korinek.MeteorologicalDataApp.model.City@752d7b5a
[2023-05-29 19:50:32] - Extracted JDBC value [2] - [1]
[2023-05-29 19:50:32] - Extracted JDBC value [1] - [New York]
[2023-05-29 19:50:32] - (EntityResultInitializer) Done materializing entityInstance : com.korinek.MeteorologicalDataApp.model.City(148879829638685)#3
[2023-05-29 19:50:32] - Calling top-level assembler (0 / 1) : org.hibernate.sql.results.graph.entity.internal.EntityAssembler@76b03a3c
[2023-05-29 19:50:32] - Extracted JDBC value [0] - [4]
[2023-05-29 19:50:32] - (EntityResultInitializer) Hydrated EntityKey (com.korinek.MeteorologicalDataApp.model.City(148879829638685)): 4
[2023-05-29 19:50:32] - (EntityResultInitializer) Created new entity instance [com.korinek.MeteorologicalDataApp.model.City(148879829638685)#4] : com.korinek.MeteorologicalDataApp.model.City@5197723f
[2023-05-29 19:50:32] - Extracted JDBC value [2] - [6]
[2023-05-29 19:50:32] - (EntitySelectFetchInitializer) Invoking session#internalLoad for entity (com.korinek.MeteorologicalDataApp.model.City(148879829638685).state#6) : 6
[2023-05-29 19:50:32] - Skipping reading Query result cache data: cache-enabled = false, cache-mode = IGNORE
[2023-05-29 19:50:32] - Initializer list
[2023-05-29 19:50:32] -     com.korinek.MeteorologicalDataApp.model.State.cities -> DelayedCollectionInitializer(com.korinek.MeteorologicalDataApp.model.State.cities)@671511074 (PluralAttribute(com.korinek.MeteorologicalDataApp.model.State.cities))
[2023-05-29 19:50:32] -     com.korinek.MeteorologicalDataApp.model.State -> EntityResultInitializer(com.korinek.MeteorologicalDataApp.model.State)@59953269 (SingleTableEntityPersister(com.korinek.MeteorologicalDataApp.model.State))
[2023-05-29 19:50:32] - 
    select
        s1_0.id_state,
        s1_0.name 
    from
        state s1_0 
    where
        s1_0.id_state=?
[2023-05-29 19:50:32] - (EntityResultInitializer) Hydrated EntityKey (com.korinek.MeteorologicalDataApp.model.State): 6
[2023-05-29 19:50:32] - Extracted JDBC value [0] - [6]
[2023-05-29 19:50:32] - (DelayedCollectionInitializer) Current row collection key : com.korinek.MeteorologicalDataApp.model.State.cities#6
[2023-05-29 19:50:32] - (EntityResultInitializer) Created new entity instance [com.korinek.MeteorologicalDataApp.model.State#6] : com.korinek.MeteorologicalDataApp.model.State@799f8cc0
[2023-05-29 19:50:32] - Extracted JDBC value [1] - [Australia]
[2023-05-29 19:50:32] - (EntityResultInitializer) Done materializing entityInstance : com.korinek.MeteorologicalDataApp.model.State#6
[2023-05-29 19:50:32] - Calling top-level assembler (0 / 1) : org.hibernate.sql.results.graph.entity.internal.EntityAssembler@3842a339
[2023-05-29 19:50:32] - (EntitySelectFetchInitializer) Entity [com.korinek.MeteorologicalDataApp.model.City(148879829638685).state#6] : 6 has being loaded by session.internalLoad.
[2023-05-29 19:50:32] - Extracted JDBC value [1] - [Sydney]
[2023-05-29 19:50:32] - (EntityResultInitializer) Done materializing entityInstance : com.korinek.MeteorologicalDataApp.model.City(148879829638685)#4
[2023-05-29 19:50:32] - Calling top-level assembler (0 / 1) : org.hibernate.sql.results.graph.entity.internal.EntityAssembler@76b03a3c
[2023-05-29 19:50:32] - Extracted JDBC value [0] - [5]
[2023-05-29 19:50:32] - (EntityResultInitializer) Hydrated EntityKey (com.korinek.MeteorologicalDataApp.model.City(148879829638685)): 5
[2023-05-29 19:50:32] - (EntityResultInitializer) Created new entity instance [com.korinek.MeteorologicalDataApp.model.City(148879829638685)#5] : com.korinek.MeteorologicalDataApp.model.City@7785dfbe
[2023-05-29 19:50:32] - Extracted JDBC value [2] - [2]
[2023-05-29 19:50:32] - (EntitySelectFetchInitializer) Invoking session#internalLoad for entity (com.korinek.MeteorologicalDataApp.model.City(148879829638685).state#2) : 2
[2023-05-29 19:50:32] - Skipping reading Query result cache data: cache-enabled = false, cache-mode = IGNORE
[2023-05-29 19:50:32] - Initializer list
[2023-05-29 19:50:32] -     com.korinek.MeteorologicalDataApp.model.State.cities -> DelayedCollectionInitializer(com.korinek.MeteorologicalDataApp.model.State.cities)@1148158088 (PluralAttribute(com.korinek.MeteorologicalDataApp.model.State.cities))
[2023-05-29 19:50:32] -     com.korinek.MeteorologicalDataApp.model.State -> EntityResultInitializer(com.korinek.MeteorologicalDataApp.model.State)@1091829065 (SingleTableEntityPersister(com.korinek.MeteorologicalDataApp.model.State))
[2023-05-29 19:50:32] - 
    select
        s1_0.id_state,
        s1_0.name 
    from
        state s1_0 
    where
        s1_0.id_state=?
[2023-05-29 19:50:32] - (EntityResultInitializer) Hydrated EntityKey (com.korinek.MeteorologicalDataApp.model.State): 2
[2023-05-29 19:50:32] - Extracted JDBC value [0] - [2]
[2023-05-29 19:50:32] - (DelayedCollectionInitializer) Current row collection key : com.korinek.MeteorologicalDataApp.model.State.cities#2
[2023-05-29 19:50:32] - (EntityResultInitializer) Created new entity instance [com.korinek.MeteorologicalDataApp.model.State#2] : com.korinek.MeteorologicalDataApp.model.State@53306f8a
[2023-05-29 19:50:32] - Extracted JDBC value [1] - [Canada]
[2023-05-29 19:50:32] - (EntityResultInitializer) Done materializing entityInstance : com.korinek.MeteorologicalDataApp.model.State#2
[2023-05-29 19:50:32] - Calling top-level assembler (0 / 1) : org.hibernate.sql.results.graph.entity.internal.EntityAssembler@113e34c8
[2023-05-29 19:50:32] - (EntitySelectFetchInitializer) Entity [com.korinek.MeteorologicalDataApp.model.City(148879829638685).state#2] : 2 has being loaded by session.internalLoad.
[2023-05-29 19:50:32] - Extracted JDBC value [1] - [Toronto]
[2023-05-29 19:50:32] - (EntityResultInitializer) Done materializing entityInstance : com.korinek.MeteorologicalDataApp.model.City(148879829638685)#5
[2023-05-29 19:50:32] - Calling top-level assembler (0 / 1) : org.hibernate.sql.results.graph.entity.internal.EntityAssembler@76b03a3c
[2023-05-29 19:50:32] - Extracted JDBC value [0] - [6]
[2023-05-29 19:50:32] - (EntityResultInitializer) Hydrated EntityKey (com.korinek.MeteorologicalDataApp.model.City(148879829638685)): 6
[2023-05-29 19:50:32] - (EntityResultInitializer) Created new entity instance [com.korinek.MeteorologicalDataApp.model.City(148879829638685)#6] : com.korinek.MeteorologicalDataApp.model.City@92a4f4
[2023-05-29 19:50:32] - Extracted JDBC value [2] - [1]
[2023-05-29 19:50:32] - Extracted JDBC value [1] - [Los Angeles]
[2023-05-29 19:50:32] - (EntityResultInitializer) Done materializing entityInstance : com.korinek.MeteorologicalDataApp.model.City(148879829638685)#6
[2023-05-29 19:50:32] - Calling top-level assembler (0 / 1) : org.hibernate.sql.results.graph.entity.internal.EntityAssembler@76b03a3c
[2023-05-29 19:50:32] - Initiating transaction commit
[2023-05-29 19:50:32] - Committing JPA transaction on EntityManager [SessionImpl(1463802947<open>)]
[2023-05-29 19:50:32] - committing
[2023-05-29 19:50:32] - Resetting read-only flag of JDBC Connection [HikariProxyConnection@1280551040 wrapping org.postgresql.jdbc.PgConnection@5534e6f1]
[2023-05-29 19:50:32] - Closing JPA EntityManager [SessionImpl(1463802947<open>)] after transaction
[2023-05-29 19:50:39] - Connection was inactive for 30 seconds, sending heartbeat
[2023-05-29 19:50:39] - Connection was inactive for 30 seconds, sending heartbeat
[2023-05-29 19:50:39] - [s0|id: 0xbb346a6a, L:/192.168.0.102:59517 - R:4c641c32-bb99-42b1-ab88-83de6181d0fa-europe-west1.db.astra.datastax.com/34.79.236.16:29042] Got last response on in-flight stream id 0, completing and releasing
[2023-05-29 19:50:39] - [s0|id: 0x99dc1d00, L:/192.168.0.102:59516 - R:4c641c32-bb99-42b1-ab88-83de6181d0fa-europe-west1.db.astra.datastax.com/34.79.132.94:29042] Got last response on in-flight stream id 0, completing and releasing
[2023-05-29 19:50:39] - [id: 0xbb346a6a, L:/192.168.0.102:59517 - R:4c641c32-bb99-42b1-ab88-83de6181d0fa-europe-west1.db.astra.datastax.com/34.79.236.16:29042] Heartbeat query succeeded
[2023-05-29 19:50:39] - [id: 0x99dc1d00, L:/192.168.0.102:59516 - R:4c641c32-bb99-42b1-ab88-83de6181d0fa-europe-west1.db.astra.datastax.com/34.79.132.94:29042] Heartbeat query succeeded
[2023-05-29 19:50:41] - Connection was inactive for 30 seconds, sending heartbeat
[2023-05-29 19:50:41] - [s0|id: 0x2c2d4f2d, L:/192.168.0.102:59515 - R:4c641c32-bb99-42b1-ab88-83de6181d0fa-europe-west1.db.astra.datastax.com/34.79.236.16:29042] Got last response on in-flight stream id 0, completing and releasing
[2023-05-29 19:50:41] - [id: 0x2c2d4f2d, L:/192.168.0.102:59515 - R:4c641c32-bb99-42b1-ab88-83de6181d0fa-europe-west1.db.astra.datastax.com/34.79.236.16:29042] Heartbeat query succeeded
[2023-05-29 19:50:41] - Connection was inactive for 30 seconds, sending heartbeat
[2023-05-29 19:50:41] - [s0|control|id: 0x4a5e2f59, L:/192.168.0.102:59512 - R:4c641c32-bb99-42b1-ab88-83de6181d0fa-europe-west1.db.astra.datastax.com/34.76.6.140:29042] Got last response on in-flight stream id 0, completing and releasing
[2023-05-29 19:50:41] - [id: 0x4a5e2f59, L:/192.168.0.102:59512 - R:4c641c32-bb99-42b1-ab88-83de6181d0fa-europe-west1.db.astra.datastax.com/34.76.6.140:29042] Heartbeat query succeeded
